<?xml version="1.0" encoding="UTF-8"?>
<!-- Generated by org.testng.reporters.JUnitReportReporter -->
<testsuite hostname="DESKTOP-IP7TE20" failures="0" tests="1" name="testCases.TC_003_Verify_Compund_Interest_Calculator" time="58.420" errors="0" timestamp="2024-11-14T19:59:18 IST" skipped="0">
  <testcase classname="testCases.TC_003_Verify_Compund_Interest_Calculator" name="Verify_Compund_Interest_Calculator" time="58.420"/>
  <system-out/>
</testsuite> <!-- testCases.TC_003_Verify_Compund_Interest_Calculator -->
