<?xml version="1.0" encoding="UTF-8"?>
<!-- Generated by org.testng.reporters.JUnitReportReporter -->
<testsuite hostname="HP-PC" failures="0" tests="1" name="utilities.DataProviders" time="7.229" errors="0" timestamp="2024-09-01T17:11:46 IST" skipped="0">
  <testcase classname="utilities.DataProviders" name="getData" time="7.229"/>
</testsuite> <!-- utilities.DataProviders -->
